<?xml version="1.0" encoding="UTF-8"?>
<!-- Generated by org.testng.reporters.JUnitReportReporter -->
<testsuite skipped="0" hostname="OstanDsouza-iMac.local" name="com.codecraft.training.TapTest" tests="7" failures="0" timestamp="2021-05-06T17:07:44 IST" time="12.088" errors="0">
  <testcase name="tapTestcase" time="1.517" classname="com.codecraft.training.TapTest"/>
  <system-out/>
  <testcase name="tapTestcase" time="1.924" classname="com.codecraft.training.TapTest"/>
  <system-out/>
  <testcase name="tapTestcase" time="1.570" classname="com.codecraft.training.TapTest"/>
  <system-out/>
  <testcase name="tapTestcase" time="1.429" classname="com.codecraft.training.TapTest"/>
  <system-out/>
  <testcase name="tapTestcase" time="1.450" classname="com.codecraft.training.TapTest"/>
  <system-out/>
  <testcase name="tapTestcase" time="1.506" classname="com.codecraft.training.TapTest"/>
  <system-out/>
  <testcase name="tapTestcase" time="2.692" classname="com.codecraft.training.TapTest"/>
  <system-out/>
</testsuite> <!-- com.codecraft.training.TapTest -->
